INFO [2024-02-17 13:14:37] $x
INFO [2024-02-17 13:14:37] list(S_grammicus = grammicus_50$OTUID, S_spinosus = spinosus_50$OTUID, 
INFO [2024-02-17 13:14:37]     S_aeneus = aeneus_50$OTUID, S_bicanthalis = bicanthalis_50$OTUID)
INFO [2024-02-17 13:14:37] 
INFO [2024-02-17 13:14:37] $category.names
INFO [2024-02-17 13:14:37] c(expression(bold("S. grammicus")), expression(bold("S. spinosus")), 
INFO [2024-02-17 13:14:37]     expression(bold("S. aeneus")), expression(bold("S. bicanthalis")))
INFO [2024-02-17 13:14:37] 
INFO [2024-02-17 13:14:37] $filename
INFO [2024-02-17 13:14:37] [1] "../figures/viendo_50.jpg"
INFO [2024-02-17 13:14:37] 
INFO [2024-02-17 13:14:37] $output
INFO [2024-02-17 13:14:37] [1] TRUE
INFO [2024-02-17 13:14:37] 
INFO [2024-02-17 13:14:37] $height
INFO [2024-02-17 13:14:37] [1] 3000
INFO [2024-02-17 13:14:37] 
INFO [2024-02-17 13:14:37] $width
INFO [2024-02-17 13:14:37] [1] 6000
INFO [2024-02-17 13:14:37] 
INFO [2024-02-17 13:14:37] $resolution
INFO [2024-02-17 13:14:37] [1] 300
INFO [2024-02-17 13:14:37] 
INFO [2024-02-17 13:14:37] $compression
INFO [2024-02-17 13:14:37] [1] "lzw"
INFO [2024-02-17 13:14:37] 
INFO [2024-02-17 13:14:37] $units
INFO [2024-02-17 13:14:37] [1] "px"
INFO [2024-02-17 13:14:37] 
INFO [2024-02-17 13:14:37] $lwd
INFO [2024-02-17 13:14:37] [1] 6
INFO [2024-02-17 13:14:37] 
INFO [2024-02-17 13:14:37] $lty
INFO [2024-02-17 13:14:37] [1] "blank"
INFO [2024-02-17 13:14:37] 
INFO [2024-02-17 13:14:37] $fill
INFO [2024-02-17 13:14:37] c("#56B4E9", "#009E73", "#999999", "#E69F00")
INFO [2024-02-17 13:14:37] 
INFO [2024-02-17 13:14:37] $cex
INFO [2024-02-17 13:14:37] [1] 1.5
INFO [2024-02-17 13:14:37] 
INFO [2024-02-17 13:14:37] $fontface
INFO [2024-02-17 13:14:37] [1] "italic"
INFO [2024-02-17 13:14:37] 
INFO [2024-02-17 13:14:37] $fontfamily
INFO [2024-02-17 13:14:37] [1] "sans"
INFO [2024-02-17 13:14:37] 
INFO [2024-02-17 13:14:37] $cat.cex
INFO [2024-02-17 13:14:37] [1] 2
INFO [2024-02-17 13:14:37] 
INFO [2024-02-17 13:14:37] $cat.fontface
INFO [2024-02-17 13:14:37] [1] "bold"
INFO [2024-02-17 13:14:37] 
INFO [2024-02-17 13:14:37] $cat.default.pos
INFO [2024-02-17 13:14:37] [1] "outer"
INFO [2024-02-17 13:14:37] 
INFO [2024-02-17 13:14:37] $cat.pos
INFO [2024-02-17 13:14:37] c(-10, 25, -0.02, -0.05)
INFO [2024-02-17 13:14:37] 
INFO [2024-02-17 13:14:37] $cat.dist
INFO [2024-02-17 13:14:37] c(0.3, 0.35, 0.099, 0.099)
INFO [2024-02-17 13:14:37] 
INFO [2024-02-17 13:14:37] $cat.fontfamily
INFO [2024-02-17 13:14:37] [1] "sans"
INFO [2024-02-17 13:14:37] 
