INFO [2024-02-06 18:58:20] $x
INFO [2024-02-06 18:58:20] list(S_grammicus = grammicus_50$OTUID, S_spinosus = spinosus_50$OTUID, 
INFO [2024-02-06 18:58:20]     S_aeneus = aeneus_50$OTUID, S_bicanthalis = bicanthalis_50$OTUID)
INFO [2024-02-06 18:58:20] 
INFO [2024-02-06 18:58:20] $category.names
INFO [2024-02-06 18:58:20] c(expression(bold("S. grammicus")), expression(bold("S. spinosus")), 
INFO [2024-02-06 18:58:20]     expression(bold("S. aeneus")), expression(bold("S. bicanthalis")))
INFO [2024-02-06 18:58:20] 
INFO [2024-02-06 18:58:20] $filename
INFO [2024-02-06 18:58:20] [1] "../figures/viendo_50.jpg"
INFO [2024-02-06 18:58:20] 
INFO [2024-02-06 18:58:20] $output
INFO [2024-02-06 18:58:20] [1] TRUE
INFO [2024-02-06 18:58:20] 
INFO [2024-02-06 18:58:20] $height
INFO [2024-02-06 18:58:20] [1] 3000
INFO [2024-02-06 18:58:20] 
INFO [2024-02-06 18:58:20] $width
INFO [2024-02-06 18:58:20] [1] 6000
INFO [2024-02-06 18:58:20] 
INFO [2024-02-06 18:58:20] $resolution
INFO [2024-02-06 18:58:20] [1] 300
INFO [2024-02-06 18:58:20] 
INFO [2024-02-06 18:58:20] $compression
INFO [2024-02-06 18:58:20] [1] "lzw"
INFO [2024-02-06 18:58:20] 
INFO [2024-02-06 18:58:20] $units
INFO [2024-02-06 18:58:20] [1] "px"
INFO [2024-02-06 18:58:20] 
INFO [2024-02-06 18:58:20] $lwd
INFO [2024-02-06 18:58:20] [1] 6
INFO [2024-02-06 18:58:20] 
INFO [2024-02-06 18:58:20] $lty
INFO [2024-02-06 18:58:20] [1] "blank"
INFO [2024-02-06 18:58:20] 
INFO [2024-02-06 18:58:20] $fill
INFO [2024-02-06 18:58:20] c("#56B4E9", "#009E73", "#999999", "#E69F00")
INFO [2024-02-06 18:58:20] 
INFO [2024-02-06 18:58:20] $cex
INFO [2024-02-06 18:58:20] [1] 1.5
INFO [2024-02-06 18:58:20] 
INFO [2024-02-06 18:58:20] $fontface
INFO [2024-02-06 18:58:20] [1] "italic"
INFO [2024-02-06 18:58:20] 
INFO [2024-02-06 18:58:20] $fontfamily
INFO [2024-02-06 18:58:20] [1] "sans"
INFO [2024-02-06 18:58:20] 
INFO [2024-02-06 18:58:20] $cat.cex
INFO [2024-02-06 18:58:20] [1] 2
INFO [2024-02-06 18:58:20] 
INFO [2024-02-06 18:58:20] $cat.fontface
INFO [2024-02-06 18:58:20] [1] "bold"
INFO [2024-02-06 18:58:20] 
INFO [2024-02-06 18:58:20] $cat.default.pos
INFO [2024-02-06 18:58:20] [1] "outer"
INFO [2024-02-06 18:58:20] 
INFO [2024-02-06 18:58:20] $cat.pos
INFO [2024-02-06 18:58:20] c(-10, 25, -0.02, -0.05)
INFO [2024-02-06 18:58:20] 
INFO [2024-02-06 18:58:20] $cat.dist
INFO [2024-02-06 18:58:20] c(0.3, 0.35, 0.099, 0.099)
INFO [2024-02-06 18:58:20] 
INFO [2024-02-06 18:58:20] $cat.fontfamily
INFO [2024-02-06 18:58:20] [1] "sans"
INFO [2024-02-06 18:58:20] 
