INFO [2024-02-06 17:37:15] $x
INFO [2024-02-06 17:37:15] list(S_grammicus = grammicus_50$OTUID, S_spinosus = spinosus_50$OTUID, 
INFO [2024-02-06 17:37:15]     S_aeneus = aeneus_50$OTUID, S_bicanthalis = bicanthalis_50$OTUID)
INFO [2024-02-06 17:37:15] 
INFO [2024-02-06 17:37:15] $category.names
INFO [2024-02-06 17:37:15] c(expression(bold("S. grammicus")), expression(bold("S. spinosus")), 
INFO [2024-02-06 17:37:15]     expression(bold("S. aeneus")), expression(bold("S. bicanthalis")))
INFO [2024-02-06 17:37:15] 
INFO [2024-02-06 17:37:15] $filename
INFO [2024-02-06 17:37:15] [1] "viendo_50.tiff"
INFO [2024-02-06 17:37:15] 
INFO [2024-02-06 17:37:15] $output
INFO [2024-02-06 17:37:15] [1] TRUE
INFO [2024-02-06 17:37:15] 
INFO [2024-02-06 17:37:15] $height
INFO [2024-02-06 17:37:15] [1] 3000
INFO [2024-02-06 17:37:15] 
INFO [2024-02-06 17:37:15] $width
INFO [2024-02-06 17:37:15] [1] 3000
INFO [2024-02-06 17:37:15] 
INFO [2024-02-06 17:37:15] $resolution
INFO [2024-02-06 17:37:15] [1] 300
INFO [2024-02-06 17:37:15] 
INFO [2024-02-06 17:37:15] $compression
INFO [2024-02-06 17:37:15] [1] "lzw"
INFO [2024-02-06 17:37:15] 
INFO [2024-02-06 17:37:15] $units
INFO [2024-02-06 17:37:15] [1] "px"
INFO [2024-02-06 17:37:15] 
INFO [2024-02-06 17:37:15] $lwd
INFO [2024-02-06 17:37:15] [1] 6
INFO [2024-02-06 17:37:15] 
INFO [2024-02-06 17:37:15] $lty
INFO [2024-02-06 17:37:15] [1] "blank"
INFO [2024-02-06 17:37:15] 
INFO [2024-02-06 17:37:15] $fill
INFO [2024-02-06 17:37:15] c("#56B4E9", "#009E73", "#999999", "#E69F00")
INFO [2024-02-06 17:37:15] 
INFO [2024-02-06 17:37:15] $cex
INFO [2024-02-06 17:37:15] [1] 1.5
INFO [2024-02-06 17:37:15] 
INFO [2024-02-06 17:37:15] $fontface
INFO [2024-02-06 17:37:15] [1] "italic"
INFO [2024-02-06 17:37:15] 
INFO [2024-02-06 17:37:15] $fontfamily
INFO [2024-02-06 17:37:15] [1] "sans"
INFO [2024-02-06 17:37:15] 
INFO [2024-02-06 17:37:15] $cat.cex
INFO [2024-02-06 17:37:15] [1] 2
INFO [2024-02-06 17:37:15] 
INFO [2024-02-06 17:37:15] $cat.fontface
INFO [2024-02-06 17:37:15] [1] "bold"
INFO [2024-02-06 17:37:15] 
INFO [2024-02-06 17:37:15] $cat.default.pos
INFO [2024-02-06 17:37:15] [1] "outer"
INFO [2024-02-06 17:37:15] 
INFO [2024-02-06 17:37:15] $cat.pos
INFO [2024-02-06 17:37:15] c(-10, 25, -0.02, -0.05)
INFO [2024-02-06 17:37:15] 
INFO [2024-02-06 17:37:15] $cat.dist
INFO [2024-02-06 17:37:15] c(0.3, 0.35, 0.099, 0.099)
INFO [2024-02-06 17:37:15] 
INFO [2024-02-06 17:37:15] $cat.fontfamily
INFO [2024-02-06 17:37:15] [1] "sans"
INFO [2024-02-06 17:37:15] 
